# JRE version: Java(TM) SE Runtime Environment (13.0.2+8) (build 13.0.2+8)
# Java VM: Java HotSpot(TM) 64-Bit Server VM (13.0.2+8, mixed mode, sharing, tiered, compressed oops, g1 gc, windows-amd64)
Heap:
 garbage-first heap   total 458752K, used 17372K [0x0000000082400000, 0x0000000100000000)
  region size 1024K, 10 young (10240K), 10 survivors (10240K)
 Metaspace       used 1243K, capacity 4756K, committed 4864K, reserved 1056768K
  class space    used 105K, capacity 433K, committed 512K, reserved 1048576K
GC Heap History (17 events):
Event: 0.201 GC heap before
{Heap before GC invocations=0 (full 0):
 garbage-first heap   total 129024K, used 24576K [0x0000000082400000, 0x0000000100000000)
  region size 1024K, 24 young (24576K), 0 survivors (0K)
 Metaspace       used 1165K, capacity 4756K, committed 4864K, reserved 1056768K
  class space    used 104K, capacity 433K, committed 512K, reserved 1048576K
}
Event: 0.204 GC heap after
{Heap after GC invocations=1 (full 0):
 garbage-first heap   total 129024K, used 1910K [0x0000000082400000, 0x0000000100000000)
  region size 1024K, 2 young (2048K), 2 survivors (2048K)
 Metaspace       used 1165K, capacity 4756K, committed 4864K, reserved 1056768K
  class space    used 104K, capacity 433K, committed 512K, reserved 1048576K
}
Event: 0.287 GC heap before
{Heap before GC invocations=1 (full 0):
 garbage-first heap   total 129024K, used 76662K [0x0000000082400000, 0x0000000100000000)
  region size 1024K, 75 young (76800K), 2 survivors (2048K)
 Metaspace       used 1197K, capacity 4756K, committed 4864K, reserved 1056768K
  class space    used 104K, capacity 433K, committed 512K, reserved 1048576K
}
Event: 0.293 GC heap after
{Heap after GC invocations=2 (full 0):
 garbage-first heap   total 129024K, used 4917K [0x0000000082400000, 0x0000000100000000)
  region size 1024K, 5 young (5120K), 5 survivors (5120K)
 Metaspace       used 1197K, capacity 4756K, committed 4864K, reserved 1056768K
  class space    used 104K, capacity 433K, committed 512K, reserved 1048576K
}
Event: 0.327 GC heap before
{Heap before GC invocations=2 (full 0):
 garbage-first heap   total 129024K, used 76597K [0x0000000082400000, 0x0000000100000000)
  region size 1024K, 75 young (76800K), 5 survivors (5120K)
 Metaspace       used 1197K, capacity 4756K, committed 4864K, reserved 1056768K
  class space    used 104K, capacity 433K, committed 512K, reserved 1048576K
}
Event: 0.333 GC heap after
{Heap after GC invocations=3 (full 0):
 garbage-first heap   total 129024K, used 7972K [0x0000000082400000, 0x0000000100000000)
  region size 1024K, 8 young (8192K), 8 survivors (8192K)
 Metaspace       used 1197K, capacity 4756K, committed 4864K, reserved 1056768K
  class space    used 104K, capacity 433K, committed 512K, reserved 1048576K
}
Event: 0.372 GC heap before
{Heap before GC invocations=3 (full 0):
 garbage-first heap   total 129024K, used 76580K [0x0000000082400000, 0x0000000100000000)
  region size 1024K, 75 young (76800K), 8 survivors (8192K)
 Metaspace       used 1200K, capacity 4756K, committed 4864K, reserved 1056768K
  class space    used 104K, capacity 433K, committed 512K, reserved 1048576K
}
Event: 0.382 GC heap after
{Heap after GC invocations=4 (full 0):
 garbage-first heap   total 129024K, used 10792K [0x0000000082400000, 0x0000000100000000)
  region size 1024K, 6 young (6144K), 6 survivors (6144K)
 Metaspace       used 1200K, capacity 4756K, committed 4864K, reserved 1056768K
  class space    used 104K, capacity 433K, committed 512K, reserved 1048576K
}
Event: 0.412 GC heap before
{Heap before GC invocations=4 (full 0):
 garbage-first heap   total 129024K, used 81448K [0x0000000082400000, 0x0000000100000000)
  region size 1024K, 75 young (76800K), 6 survivors (6144K)
 Metaspace       used 1207K, capacity 4756K, committed 4864K, reserved 1056768K
  class space    used 104K, capacity 433K, committed 512K, reserved 1048576K
}
Event: 0.419 GC heap after
{Heap after GC invocations=5 (full 0):
 garbage-first heap   total 241664K, used 13994K [0x0000000082400000, 0x0000000100000000)
  region size 1024K, 6 young (6144K), 6 survivors (6144K)
 Metaspace       used 1207K, capacity 4756K, committed 4864K, reserved 1056768K
  class space    used 104K, capacity 433K, committed 512K, reserved 1048576K
}
Event: 0.498 GC heap before
{Heap before GC invocations=5 (full 0):
 garbage-first heap   total 241664K, used 130730K [0x0000000082400000, 0x0000000100000000)
  region size 1024K, 120 young (122880K), 6 survivors (6144K)
 Metaspace       used 1236K, capacity 4756K, committed 4864K, reserved 1056768K
  class space    used 105K, capacity 433K, committed 512K, reserved 1048576K
}
Event: 0.504 GC heap after
{Heap after GC invocations=6 (full 0):
 garbage-first heap   total 241664K, used 16660K [0x0000000082400000, 0x0000000100000000)
  region size 1024K, 9 young (9216K), 9 survivors (9216K)
 Metaspace       used 1236K, capacity 4756K, committed 4864K, reserved 1056768K
  class space    used 105K, capacity 433K, committed 512K, reserved 1048576K
}
Event: 0.551 GC heap before
{Heap before GC invocations=6 (full 0):
 garbage-first heap   total 241664K, used 151828K [0x0000000082400000, 0x0000000100000000)
  region size 1024K, 141 young (144384K), 9 survivors (9216K)
 Metaspace       used 1243K, capacity 4756K, committed 4864K, reserved 1056768K
  class space    used 105K, capacity 433K, committed 512K, reserved 1048576K
}
Event: 0.556 GC heap after
{Heap after GC invocations=7 (full 0):
 garbage-first heap   total 241664K, used 16605K [0x0000000082400000, 0x0000000100000000)
  region size 1024K, 9 young (9216K), 9 survivors (9216K)
 Metaspace       used 1243K, capacity 4756K, committed 4864K, reserved 1056768K
  class space    used 105K, capacity 433K, committed 512K, reserved 1048576K
}
Event: 0.609 GC heap before
{Heap before GC invocations=7 (full 0):
 garbage-first heap   total 241664K, used 151773K [0x0000000082400000, 0x0000000100000000)
  region size 1024K, 141 young (144384K), 9 survivors (9216K)
 Metaspace       used 1243K, capacity 4756K, committed 4864K, reserved 1056768K
  class space    used 105K, capacity 433K, committed 512K, reserved 1048576K
}
Event: 0.614 GC heap after
{Heap after GC invocations=8 (full 0):
 garbage-first heap   total 241664K, used 16645K [0x0000000082400000, 0x0000000100000000)
  region size 1024K, 9 young (9216K), 9 survivors (9216K)
 Metaspace       used 1243K, capacity 4756K, committed 4864K, reserved 1056768K
  class space    used 105K, capacity 433K, committed 512K, reserved 1048576K
}
Event: 0.667 GC heap before
{Heap before GC invocations=8 (full 0):
 garbage-first heap   total 241664K, used 151813K [0x0000000082400000, 0x0000000100000000)
  region size 1024K, 141 young (144384K), 9 survivors (9216K)
 Metaspace       used 1243K, capacity 4756K, committed 4864K, reserved 1056768K
  class space    used 105K, capacity 433K, committed 512K, reserved 1048576K
}

