# JRE version: Java(TM) SE Runtime Environment (13.0.2+8) (build 13.0.2+8)
# Java VM: Java HotSpot(TM) 64-Bit Server VM (13.0.2+8, mixed mode, sharing, tiered, compressed oops, g1 gc, windows-amd64)
Heap:
 garbage-first heap   total 456704K, used 17372K [0x0000000082400000, 0x0000000100000000)
  region size 1024K, 10 young (10240K), 10 survivors (10240K)
 Metaspace       used 1236K, capacity 4756K, committed 4864K, reserved 1056768K
  class space    used 105K, capacity 433K, committed 512K, reserved 1048576K
GC Heap History (17 events):
Event: 0.208 GC heap before
{Heap before GC invocations=0 (full 0):
 garbage-first heap   total 129024K, used 24576K [0x0000000082400000, 0x0000000100000000)
  region size 1024K, 24 young (24576K), 0 survivors (0K)
 Metaspace       used 1158K, capacity 4756K, committed 4864K, reserved 1056768K
  class space    used 104K, capacity 433K, committed 512K, reserved 1048576K
}
Event: 0.211 GC heap after
{Heap after GC invocations=1 (full 0):
 garbage-first heap   total 129024K, used 1918K [0x0000000082400000, 0x0000000100000000)
  region size 1024K, 2 young (2048K), 2 survivors (2048K)
 Metaspace       used 1158K, capacity 4756K, committed 4864K, reserved 1056768K
  class space    used 104K, capacity 433K, committed 512K, reserved 1048576K
}
Event: 0.291 GC heap before
{Heap before GC invocations=1 (full 0):
 garbage-first heap   total 129024K, used 76670K [0x0000000082400000, 0x0000000100000000)
  region size 1024K, 75 young (76800K), 2 survivors (2048K)
 Metaspace       used 1190K, capacity 4756K, committed 4864K, reserved 1056768K
  class space    used 104K, capacity 433K, committed 512K, reserved 1048576K
}
Event: 0.298 GC heap after
{Heap after GC invocations=2 (full 0):
 garbage-first heap   total 129024K, used 5028K [0x0000000082400000, 0x0000000100000000)
  region size 1024K, 5 young (5120K), 5 survivors (5120K)
 Metaspace       used 1190K, capacity 4756K, committed 4864K, reserved 1056768K
  class space    used 104K, capacity 433K, committed 512K, reserved 1048576K
}
Event: 0.350 GC heap before
{Heap before GC invocations=2 (full 0):
 garbage-first heap   total 129024K, used 76708K [0x0000000082400000, 0x0000000100000000)
  region size 1024K, 75 young (76800K), 5 survivors (5120K)
 Metaspace       used 1190K, capacity 4756K, committed 4864K, reserved 1056768K
  class space    used 104K, capacity 433K, committed 512K, reserved 1048576K
}
Event: 0.356 GC heap after
{Heap after GC invocations=3 (full 0):
 garbage-first heap   total 129024K, used 8192K [0x0000000082400000, 0x0000000100000000)
  region size 1024K, 8 young (8192K), 8 survivors (8192K)
 Metaspace       used 1190K, capacity 4756K, committed 4864K, reserved 1056768K
  class space    used 104K, capacity 433K, committed 512K, reserved 1048576K
}
Event: 0.389 GC heap before
{Heap before GC invocations=3 (full 0):
 garbage-first heap   total 129024K, used 76800K [0x0000000082400000, 0x0000000100000000)
  region size 1024K, 75 young (76800K), 8 survivors (8192K)
 Metaspace       used 1192K, capacity 4756K, committed 4864K, reserved 1056768K
  class space    used 104K, capacity 433K, committed 512K, reserved 1048576K
}
Event: 0.399 GC heap after
{Heap after GC invocations=4 (full 0):
 garbage-first heap   total 129024K, used 10923K [0x0000000082400000, 0x0000000100000000)
  region size 1024K, 6 young (6144K), 6 survivors (6144K)
 Metaspace       used 1192K, capacity 4756K, committed 4864K, reserved 1056768K
  class space    used 104K, capacity 433K, committed 512K, reserved 1048576K
}
Event: 0.437 GC heap before
{Heap before GC invocations=4 (full 0):
 garbage-first heap   total 129024K, used 81579K [0x0000000082400000, 0x0000000100000000)
  region size 1024K, 75 young (76800K), 6 survivors (6144K)
 Metaspace       used 1200K, capacity 4756K, committed 4864K, reserved 1056768K
  class space    used 104K, capacity 433K, committed 512K, reserved 1048576K
}
Event: 0.447 GC heap after
{Heap after GC invocations=5 (full 0):
 garbage-first heap   total 240640K, used 13745K [0x0000000082400000, 0x0000000100000000)
  region size 1024K, 6 young (6144K), 6 survivors (6144K)
 Metaspace       used 1200K, capacity 4756K, committed 4864K, reserved 1056768K
  class space    used 104K, capacity 433K, committed 512K, reserved 1048576K
}
Event: 0.544 GC heap before
{Heap before GC invocations=5 (full 0):
 garbage-first heap   total 240640K, used 129457K [0x0000000082400000, 0x0000000100000000)
  region size 1024K, 119 young (121856K), 6 survivors (6144K)
 Metaspace       used 1229K, capacity 4756K, committed 4864K, reserved 1056768K
  class space    used 105K, capacity 433K, committed 512K, reserved 1048576K
}
Event: 0.549 GC heap after
{Heap after GC invocations=6 (full 0):
 garbage-first heap   total 240640K, used 16263K [0x0000000082400000, 0x0000000100000000)
  region size 1024K, 9 young (9216K), 9 survivors (9216K)
 Metaspace       used 1229K, capacity 4756K, committed 4864K, reserved 1056768K
  class space    used 105K, capacity 433K, committed 512K, reserved 1048576K
}
Event: 0.621 GC heap before
{Heap before GC invocations=6 (full 0):
 garbage-first heap   total 240640K, used 151431K [0x0000000082400000, 0x0000000100000000)
  region size 1024K, 141 young (144384K), 9 survivors (9216K)
 Metaspace       used 1236K, capacity 4756K, committed 4864K, reserved 1056768K
  class space    used 105K, capacity 433K, committed 512K, reserved 1048576K
}
Event: 0.627 GC heap after
{Heap after GC invocations=7 (full 0):
 garbage-first heap   total 240640K, used 16612K [0x0000000082400000, 0x0000000100000000)
  region size 1024K, 9 young (9216K), 9 survivors (9216K)
 Metaspace       used 1236K, capacity 4756K, committed 4864K, reserved 1056768K
  class space    used 105K, capacity 433K, committed 512K, reserved 1048576K
}
Event: 0.688 GC heap before
{Heap before GC invocations=7 (full 0):
 garbage-first heap   total 240640K, used 151780K [0x0000000082400000, 0x0000000100000000)
  region size 1024K, 141 young (144384K), 9 survivors (9216K)
 Metaspace       used 1236K, capacity 4756K, committed 4864K, reserved 1056768K
  class space    used 105K, capacity 433K, committed 512K, reserved 1048576K
}
Event: 0.695 GC heap after
{Heap after GC invocations=8 (full 0):
 garbage-first heap   total 240640K, used 16948K [0x0000000082400000, 0x0000000100000000)
  region size 1024K, 9 young (9216K), 9 survivors (9216K)
 Metaspace       used 1236K, capacity 4756K, committed 4864K, reserved 1056768K
  class space    used 105K, capacity 433K, committed 512K, reserved 1048576K
}
Event: 0.756 GC heap before
{Heap before GC invocations=8 (full 0):
 garbage-first heap   total 240640K, used 152116K [0x0000000082400000, 0x0000000100000000)
  region size 1024K, 141 young (144384K), 9 survivors (9216K)
 Metaspace       used 1236K, capacity 4756K, committed 4864K, reserved 1056768K
  class space    used 105K, capacity 433K, committed 512K, reserved 1048576K
}

